Use GPU with index 0
Initialization finished ...
Random seed is set to 999
Use GPU with index 0
Load dataset and database finished, cost 0.8838s ...
Dataset size: train -> 5119 ; dev -> 895
Total training steps: 3200
Start training ......
Training: 	Epoch: 0	Time: 1.9359	Training Loss: 0.9113
Evaluation: 	Epoch: 0	Time: 0.0915	Dev loss: 0.6244	Dev acc: 65.03	Dev fscore(p/r/f): (72.15/68.09/70.06)
NEW BEST MODEL: 	Epoch: 0	Dev loss: 0.6244	Dev acc: 65.03	Dev fscore(p/r/f): (72.15/68.09/70.06)
Training: 	Epoch: 1	Time: 1.9534	Training Loss: 0.4262
Evaluation: 	Epoch: 1	Time: 0.0913	Dev loss: 0.6198	Dev acc: 69.94	Dev fscore(p/r/f): (75.89/73.20/74.52)
NEW BEST MODEL: 	Epoch: 1	Dev loss: 0.6198	Dev acc: 69.94	Dev fscore(p/r/f): (75.89/73.20/74.52)
Training: 	Epoch: 2	Time: 1.9342	Training Loss: 0.3262
Evaluation: 	Epoch: 2	Time: 0.0911	Dev loss: 0.6455	Dev acc: 70.73	Dev fscore(p/r/f): (78.00/73.20/75.52)
NEW BEST MODEL: 	Epoch: 2	Dev loss: 0.6455	Dev acc: 70.73	Dev fscore(p/r/f): (78.00/73.20/75.52)
Training: 	Epoch: 3	Time: 1.9475	Training Loss: 0.2550
Evaluation: 	Epoch: 3	Time: 0.0913	Dev loss: 0.7282	Dev acc: 70.61	Dev fscore(p/r/f): (82.43/72.89/77.37)
Training: 	Epoch: 4	Time: 1.9604	Training Loss: 0.2089
Evaluation: 	Epoch: 4	Time: 0.0910	Dev loss: 0.6512	Dev acc: 70.39	Dev fscore(p/r/f): (79.57/73.10/76.20)
Training: 	Epoch: 5	Time: 1.9445	Training Loss: 0.1636
Evaluation: 	Epoch: 5	Time: 0.0912	Dev loss: 0.7861	Dev acc: 70.06	Dev fscore(p/r/f): (80.55/73.41/76.81)
Training: 	Epoch: 6	Time: 1.9385	Training Loss: 0.1268
Evaluation: 	Epoch: 6	Time: 0.0910	Dev loss: 0.8483	Dev acc: 69.83	Dev fscore(p/r/f): (82.12/72.78/77.17)
Training: 	Epoch: 7	Time: 1.9371	Training Loss: 0.1085
Evaluation: 	Epoch: 7	Time: 0.0912	Dev loss: 0.8135	Dev acc: 71.40	Dev fscore(p/r/f): (80.11/74.77/77.35)
NEW BEST MODEL: 	Epoch: 7	Dev loss: 0.8135	Dev acc: 71.40	Dev fscore(p/r/f): (80.11/74.77/77.35)
Training: 	Epoch: 8	Time: 1.9527	Training Loss: 0.0815
Evaluation: 	Epoch: 8	Time: 0.0921	Dev loss: 0.9398	Dev acc: 69.50	Dev fscore(p/r/f): (80.09/72.58/76.15)
Training: 	Epoch: 9	Time: 1.9571	Training Loss: 0.0647
Evaluation: 	Epoch: 9	Time: 0.0907	Dev loss: 0.9402	Dev acc: 69.27	Dev fscore(p/r/f): (79.48/72.68/75.93)
Training: 	Epoch: 10	Time: 1.9630	Training Loss: 0.0577
Evaluation: 	Epoch: 10	Time: 0.0908	Dev loss: 0.9683	Dev acc: 71.17	Dev fscore(p/r/f): (80.20/73.93/76.94)
Training: 	Epoch: 11	Time: 1.9386	Training Loss: 0.0700
Evaluation: 	Epoch: 11	Time: 0.0929	Dev loss: 1.0579	Dev acc: 68.72	Dev fscore(p/r/f): (79.27/72.16/75.55)
Training: 	Epoch: 12	Time: 1.9416	Training Loss: 0.0706
Evaluation: 	Epoch: 12	Time: 0.0907	Dev loss: 1.0427	Dev acc: 70.06	Dev fscore(p/r/f): (80.81/72.89/76.64)
Training: 	Epoch: 13	Time: 1.9281	Training Loss: 0.0574
Evaluation: 	Epoch: 13	Time: 0.0908	Dev loss: 0.9191	Dev acc: 71.06	Dev fscore(p/r/f): (78.07/74.97/76.49)
Training: 	Epoch: 14	Time: 1.9065	Training Loss: 0.0457
Evaluation: 	Epoch: 14	Time: 0.0911	Dev loss: 1.0948	Dev acc: 70.17	Dev fscore(p/r/f): (81.43/72.68/76.80)
Training: 	Epoch: 15	Time: 1.9131	Training Loss: 0.0317
Evaluation: 	Epoch: 15	Time: 0.0907	Dev loss: 1.1750	Dev acc: 70.06	Dev fscore(p/r/f): (80.25/72.47/76.16)
Training: 	Epoch: 16	Time: 1.8890	Training Loss: 0.0292
Evaluation: 	Epoch: 16	Time: 0.0917	Dev loss: 1.2460	Dev acc: 69.94	Dev fscore(p/r/f): (80.02/72.68/76.17)
Training: 	Epoch: 17	Time: 1.9360	Training Loss: 0.0281
Evaluation: 	Epoch: 17	Time: 0.0908	Dev loss: 1.2568	Dev acc: 70.39	Dev fscore(p/r/f): (80.23/73.20/76.55)
Training: 	Epoch: 18	Time: 1.9096	Training Loss: 0.0260
Evaluation: 	Epoch: 18	Time: 0.0908	Dev loss: 1.3312	Dev acc: 69.39	Dev fscore(p/r/f): (80.51/71.95/75.99)
Training: 	Epoch: 19	Time: 1.9164	Training Loss: 0.0247
Evaluation: 	Epoch: 19	Time: 0.0911	Dev loss: 1.3458	Dev acc: 70.61	Dev fscore(p/r/f): (80.71/73.31/76.83)
FINAL BEST RESULT: 	Epoch: 7	Dev loss: 0.8135	Dev acc: 71.3966	Dev fscore(p/r/f): (80.1117/74.7654/77.3463)
TOTAL TRAINING TIME: 40.81

